2017-01-14 6:31:23 - PHP Notice:  Error: Could not load template /home/wizardgrp/web/food.bartercoin.ru/public_html/catalog/view/theme/default/template/common/column_left.tpl! in /home/wizardgrp/web/food.bartercoin.ru/public_html/system/library/template/php.php on line 23
2017-01-14 6:32:36 - PHP Notice:  Error: Could not load template /home/wizardgrp/web/food.bartercoin.ru/public_html/catalog/view/theme/default/template/common/column_left.tpl! in /home/wizardgrp/web/food.bartercoin.ru/public_html/system/library/template/php.php on line 23
2017-01-14 6:35:43 - PHP Notice:  Error: Could not load template /home/wizardgrp/web/food.bartercoin.ru/public_html/catalog/view/theme/default/template/common/column_left.tpl! in /home/wizardgrp/web/food.bartercoin.ru/public_html/system/library/template/php.php on line 23
2017-01-14 6:38:52 - PHP Notice:  Error: Could not load template /home/wizardgrp/web/food.bartercoin.ru/public_html/catalog/view/theme/default/template/extension/module/slideshow.tpl! in /home/wizardgrp/web/food.bartercoin.ru/public_html/system/library/template/php.php on line 23
2017-01-14 6:39:08 - PHP Notice:  Error: Could not load template /home/wizardgrp/web/food.bartercoin.ru/public_html/catalog/view/theme/default/template/extension/module/slideshow.tpl! in /home/wizardgrp/web/food.bartercoin.ru/public_html/system/library/template/php.php on line 23
2017-01-14 6:39:09 - PHP Notice:  Error: Could not load template /home/wizardgrp/web/food.bartercoin.ru/public_html/catalog/view/theme/default/template/extension/module/slideshow.tpl! in /home/wizardgrp/web/food.bartercoin.ru/public_html/system/library/template/php.php on line 23
2017-01-14 6:39:11 - PHP Notice:  Error: Could not load template /home/wizardgrp/web/food.bartercoin.ru/public_html/catalog/view/theme/default/template/extension/module/slideshow.tpl! in /home/wizardgrp/web/food.bartercoin.ru/public_html/system/library/template/php.php on line 23
2017-01-14 6:39:12 - PHP Notice:  Error: Could not load template /home/wizardgrp/web/food.bartercoin.ru/public_html/catalog/view/theme/default/template/extension/module/slideshow.tpl! in /home/wizardgrp/web/food.bartercoin.ru/public_html/system/library/template/php.php on line 23
2017-01-14 6:40:04 - PHP Notice:  Error: Could not load template /home/wizardgrp/web/food.bartercoin.ru/public_html/catalog/view/theme/default/template/extension/module/slideshow.tpl! in /home/wizardgrp/web/food.bartercoin.ru/public_html/system/library/template/php.php on line 23
2017-01-14 6:40:05 - PHP Notice:  Error: Could not load template /home/wizardgrp/web/food.bartercoin.ru/public_html/catalog/view/theme/default/template/extension/module/slideshow.tpl! in /home/wizardgrp/web/food.bartercoin.ru/public_html/system/library/template/php.php on line 23
2017-01-14 6:41:49 - PHP Notice:  Undefined variable: icon in /home/wizardgrp/web/food.bartercoin.ru/public_html/catalog/view/theme/default/template/common/header.tpl on line 13
2017-01-14 6:41:49 - PHP Notice:  Undefined variable: google_analytics in /home/wizardgrp/web/food.bartercoin.ru/public_html/catalog/view/theme/default/template/common/header.tpl on line 44
2017-01-14 6:41:49 - PHP Notice:  Undefined variable: filter_name in /home/wizardgrp/web/food.bartercoin.ru/public_html/catalog/view/theme/default/template/common/header.tpl on line 57
2017-01-14 6:41:49 - PHP Notice:  Undefined variable: text_search in /home/wizardgrp/web/food.bartercoin.ru/public_html/catalog/view/theme/default/template/common/header.tpl on line 60
2017-01-14 6:41:49 - PHP Notice:  Undefined variable: text_welcome in /home/wizardgrp/web/food.bartercoin.ru/public_html/catalog/view/theme/default/template/common/header.tpl on line 65
2017-01-14 6:42:14 - PHP Notice:  Undefined variable: icon in /home/wizardgrp/web/food.bartercoin.ru/public_html/catalog/view/theme/default/template/common/header.tpl on line 13
2017-01-14 6:42:14 - PHP Notice:  Undefined variable: google_analytics in /home/wizardgrp/web/food.bartercoin.ru/public_html/catalog/view/theme/default/template/common/header.tpl on line 44
2017-01-14 6:42:14 - PHP Notice:  Undefined variable: filter_name in /home/wizardgrp/web/food.bartercoin.ru/public_html/catalog/view/theme/default/template/common/header.tpl on line 57
2017-01-14 6:42:14 - PHP Notice:  Undefined variable: text_search in /home/wizardgrp/web/food.bartercoin.ru/public_html/catalog/view/theme/default/template/common/header.tpl on line 60
2017-01-14 6:42:14 - PHP Notice:  Undefined variable: text_welcome in /home/wizardgrp/web/food.bartercoin.ru/public_html/catalog/view/theme/default/template/common/header.tpl on line 65
2017-01-14 6:42:17 - PHP Notice:  Undefined variable: icon in /home/wizardgrp/web/food.bartercoin.ru/public_html/catalog/view/theme/default/template/common/header.tpl on line 13
2017-01-14 6:42:17 - PHP Notice:  Undefined variable: google_analytics in /home/wizardgrp/web/food.bartercoin.ru/public_html/catalog/view/theme/default/template/common/header.tpl on line 44
2017-01-14 6:42:17 - PHP Notice:  Undefined variable: filter_name in /home/wizardgrp/web/food.bartercoin.ru/public_html/catalog/view/theme/default/template/common/header.tpl on line 57
2017-01-14 6:42:17 - PHP Notice:  Undefined variable: text_search in /home/wizardgrp/web/food.bartercoin.ru/public_html/catalog/view/theme/default/template/common/header.tpl on line 60
2017-01-14 6:42:17 - PHP Notice:  Undefined variable: text_welcome in /home/wizardgrp/web/food.bartercoin.ru/public_html/catalog/view/theme/default/template/common/header.tpl on line 65
2017-01-14 6:43:54 - PHP Notice:  Undefined variable: icon in /home/wizardgrp/web/food.bartercoin.ru/public_html/catalog/view/theme/default/template/common/header.tpl on line 13
2017-01-14 6:43:54 - PHP Notice:  Undefined variable: google_analytics in /home/wizardgrp/web/food.bartercoin.ru/public_html/catalog/view/theme/default/template/common/header.tpl on line 44
2017-01-14 6:43:54 - PHP Notice:  Undefined variable: filter_name in /home/wizardgrp/web/food.bartercoin.ru/public_html/catalog/view/theme/default/template/common/header.tpl on line 57
2017-01-14 6:43:54 - PHP Notice:  Undefined variable: text_search in /home/wizardgrp/web/food.bartercoin.ru/public_html/catalog/view/theme/default/template/common/header.tpl on line 60
2017-01-14 6:43:54 - PHP Notice:  Undefined variable: text_welcome in /home/wizardgrp/web/food.bartercoin.ru/public_html/catalog/view/theme/default/template/common/header.tpl on line 65
2017-01-14 6:44:00 - PHP Notice:  Undefined variable: icon in /home/wizardgrp/web/food.bartercoin.ru/public_html/catalog/view/theme/default/template/common/header.tpl on line 13
2017-01-14 6:44:00 - PHP Notice:  Undefined variable: google_analytics in /home/wizardgrp/web/food.bartercoin.ru/public_html/catalog/view/theme/default/template/common/header.tpl on line 44
2017-01-14 6:44:00 - PHP Notice:  Undefined variable: filter_name in /home/wizardgrp/web/food.bartercoin.ru/public_html/catalog/view/theme/default/template/common/header.tpl on line 57
2017-01-14 6:44:00 - PHP Notice:  Undefined variable: text_search in /home/wizardgrp/web/food.bartercoin.ru/public_html/catalog/view/theme/default/template/common/header.tpl on line 60
2017-01-14 6:44:00 - PHP Notice:  Undefined variable: text_welcome in /home/wizardgrp/web/food.bartercoin.ru/public_html/catalog/view/theme/default/template/common/header.tpl on line 65
2017-01-14 6:44:27 - PHP Notice:  Undefined variable: icon in /home/wizardgrp/web/food.bartercoin.ru/public_html/catalog/view/theme/default/template/common/header.tpl on line 13
2017-01-14 6:44:27 - PHP Notice:  Undefined variable: google_analytics in /home/wizardgrp/web/food.bartercoin.ru/public_html/catalog/view/theme/default/template/common/header.tpl on line 44
2017-01-14 6:44:27 - PHP Notice:  Undefined variable: filter_name in /home/wizardgrp/web/food.bartercoin.ru/public_html/catalog/view/theme/default/template/common/header.tpl on line 57
2017-01-14 6:44:27 - PHP Notice:  Undefined variable: text_search in /home/wizardgrp/web/food.bartercoin.ru/public_html/catalog/view/theme/default/template/common/header.tpl on line 60
2017-01-14 6:44:27 - PHP Notice:  Undefined variable: text_welcome in /home/wizardgrp/web/food.bartercoin.ru/public_html/catalog/view/theme/default/template/common/header.tpl on line 65
2017-01-14 6:44:29 - PHP Notice:  Undefined variable: icon in /home/wizardgrp/web/food.bartercoin.ru/public_html/catalog/view/theme/default/template/common/header.tpl on line 13
2017-01-14 6:44:29 - PHP Notice:  Undefined variable: google_analytics in /home/wizardgrp/web/food.bartercoin.ru/public_html/catalog/view/theme/default/template/common/header.tpl on line 44
2017-01-14 6:44:29 - PHP Notice:  Undefined variable: filter_name in /home/wizardgrp/web/food.bartercoin.ru/public_html/catalog/view/theme/default/template/common/header.tpl on line 57
2017-01-14 6:44:29 - PHP Notice:  Undefined variable: text_search in /home/wizardgrp/web/food.bartercoin.ru/public_html/catalog/view/theme/default/template/common/header.tpl on line 60
2017-01-14 6:44:29 - PHP Notice:  Undefined variable: text_welcome in /home/wizardgrp/web/food.bartercoin.ru/public_html/catalog/view/theme/default/template/common/header.tpl on line 65
2018-01-23 11:02:05 - PHP Warning:  SessionHandler::write(): write failed: No space left on device (28) in /home/wizardgrp/web/food.bartercoin.ru/public_html/system/library/session/native.php on line 21
2018-01-23 13:11:11 - PHP Warning:  SessionHandler::write(): write failed: No space left on device (28) in /home/wizardgrp/web/food.bartercoin.ru/public_html/system/library/session/native.php on line 21
2018-01-23 13:11:12 - PHP Warning:  SessionHandler::write(): write failed: No space left on device (28) in /home/wizardgrp/web/food.bartercoin.ru/public_html/system/library/session/native.php on line 21
2018-01-23 13:24:13 - PHP Warning:  SessionHandler::write(): write failed: No space left on device (28) in /home/wizardgrp/web/food.bartercoin.ru/public_html/system/library/session/native.php on line 21
2017-04-08 12:43:55 - PHP Warning:  SessionHandler::write(): write failed: No space left on device (28) in /home/wizardgrp/web/food.bartercoin.ru/public_html/system/library/session/native.php on line 21
2017-04-08 12:43:57 - PHP Warning:  SessionHandler::write(): write failed: No space left on device (28) in /home/wizardgrp/web/food.bartercoin.ru/public_html/system/library/session/native.php on line 21
2018-01-24 10:24:13 - PHP Warning:  SessionHandler::write(): write failed: No space left on device (28) in /home/wizardgrp/web/food.bartercoin.ru/public_html/system/library/session/native.php on line 21
2018-01-24 11:29:40 - PHP Warning:  SessionHandler::write(): write failed: No space left on device (28) in /home/wizardgrp/web/food.bartercoin.ru/public_html/system/library/session/native.php on line 21
2018-01-24 11:29:42 - PHP Warning:  SessionHandler::write(): write failed: No space left on device (28) in /home/wizardgrp/web/food.bartercoin.ru/public_html/system/library/session/native.php on line 21
2018-01-24 11:48:29 - PHP Warning:  SessionHandler::write(): write failed: No space left on device (28) in /home/wizardgrp/web/food.bartercoin.ru/public_html/system/library/session/native.php on line 21
2018-01-24 12:39:33 - PHP Warning:  SessionHandler::write(): write failed: No space left on device (28) in /home/wizardgrp/web/food.bartercoin.ru/public_html/system/library/session/native.php on line 21
2018-01-24 13:27:56 - PHP Warning:  SessionHandler::write(): write failed: No space left on device (28) in /home/wizardgrp/web/food.bartercoin.ru/public_html/system/library/session/native.php on line 21
2018-01-24 13:27:59 - PHP Warning:  SessionHandler::write(): write failed: No space left on device (28) in /home/wizardgrp/web/food.bartercoin.ru/public_html/system/library/session/native.php on line 21
2018-01-24 13:28:03 - PHP Warning:  SessionHandler::write(): write failed: No space left on device (28) in /home/wizardgrp/web/food.bartercoin.ru/public_html/system/library/session/native.php on line 21
2018-01-24 14:37:35 - PHP Warning:  SessionHandler::write(): write failed: No space left on device (28) in /home/wizardgrp/web/food.bartercoin.ru/public_html/system/library/session/native.php 2018-06-20 12:24:58 - PHP Warning:  mysqli::query(): MySQL server has gone away in /home/wizardgrp/web/food.bartercoin.ru/public_html/system/library/db/mysqli.php on line 18
2018-06-20 12:25:07 - PHP Warning:  mysqli::query(): Error reading result set's header in /home/wizardgrp/web/food.bartercoin.ru/public_html/system/library/db/mysqli.php on line 18
